INFO:root:Wczytano dane.
INFO:root:Wczytywanie obrazków.
INFO:root:cat.0.jpg
INFO:root:cat.1.jpg
INFO:root:cat.10.jpg
INFO:root:cat.100.jpg
INFO:root:cat.1000.jpg
INFO:root:cat.10000.jpg
INFO:root:cat.10001.jpg
INFO:root:cat.10002.jpg
INFO:root:cat.10003.jpg
INFO:root:cat.10004.jpg
INFO:root:cat.10005.jpg
INFO:root:cat.10006.jpg
INFO:root:cat.10007.jpg
INFO:root:cat.10008.jpg
INFO:root:cat.10009.jpg
INFO:root:cat.1001.jpg
INFO:root:cat.10010.jpg
INFO:root:cat.10011.jpg
INFO:root:cat.10012.jpg
INFO:root:cat.10013.jpg
INFO:root:cat.10014.jpg
INFO:root:cat.10015.jpg
INFO:root:cat.10016.jpg
INFO:root:cat.10017.jpg
INFO:root:cat.10018.jpg
INFO:root:cat.10019.jpg
INFO:root:cat.1002.jpg
INFO:root:cat.10020.jpg
INFO:root:cat.10021.jpg
INFO:root:cat.10022.jpg
INFO:root:cat.10023.jpg
INFO:root:cat.10024.jpg
INFO:root:cat.10025.jpg
INFO:root:cat.10026.jpg
INFO:root:cat.10027.jpg
INFO:root:cat.10028.jpg
INFO:root:cat.10029.jpg
INFO:root:cat.1003.jpg
INFO:root:cat.10030.jpg
INFO:root:cat.10031.jpg
INFO:root:cat.10032.jpg
INFO:root:cat.10033.jpg
INFO:root:cat.10034.jpg
INFO:root:cat.10035.jpg
INFO:root:cat.10036.jpg
INFO:root:cat.10037.jpg
INFO:root:cat.10038.jpg
INFO:root:cat.10039.jpg
INFO:root:cat.1004.jpg
INFO:root:cat.10040.jpg
INFO:root:cat.10041.jpg
INFO:root:cat.10042.jpg
INFO:root:cat.10043.jpg
INFO:root:cat.10044.jpg
INFO:root:cat.10045.jpg
INFO:root:cat.10046.jpg
INFO:root:cat.10047.jpg
INFO:root:cat.10048.jpg
INFO:root:cat.10049.jpg
INFO:root:cat.1005.jpg
INFO:root:cat.10050.jpg
INFO:root:cat.10051.jpg
INFO:root:cat.10052.jpg
INFO:root:cat.10053.jpg
INFO:root:cat.10054.jpg
INFO:root:cat.10055.jpg
INFO:root:cat.10056.jpg
INFO:root:cat.10057.jpg
INFO:root:cat.10058.jpg
INFO:root:cat.10059.jpg
INFO:root:cat.1006.jpg
INFO:root:cat.10060.jpg
INFO:root:cat.10061.jpg
INFO:root:cat.10062.jpg
INFO:root:cat.10063.jpg
INFO:root:cat.10064.jpg
INFO:root:cat.10065.jpg
INFO:root:cat.10066.jpg
INFO:root:cat.10067.jpg
INFO:root:cat.10068.jpg
INFO:root:cat.10069.jpg
INFO:root:cat.1007.jpg
INFO:root:cat.10070.jpg
INFO:root:cat.10071.jpg
INFO:root:cat.10072.jpg
INFO:root:cat.10073.jpg
INFO:root:cat.10074.jpg
INFO:root:cat.10075.jpg
INFO:root:cat.10076.jpg
INFO:root:cat.10077.jpg
INFO:root:cat.10078.jpg
INFO:root:cat.10079.jpg
INFO:root:cat.1008.jpg
INFO:root:cat.10080.jpg
INFO:root:cat.10081.jpg
INFO:root:cat.10082.jpg
INFO:root:cat.10083.jpg
INFO:root:cat.10084.jpg
INFO:root:cat.10085.jpg
INFO:root:cat.10086.jpg
INFO:root:cat.10087.jpg
INFO:root:cat.10088.jpg
INFO:root:cat.10089.jpg
INFO:root:cat.1009.jpg
INFO:root:cat.10090.jpg
INFO:root:cat.10091.jpg
INFO:root:cat.10092.jpg
INFO:root:cat.10093.jpg
INFO:root:cat.10094.jpg
INFO:root:cat.10095.jpg
INFO:root:cat.10096.jpg
INFO:root:cat.10097.jpg
INFO:root:cat.10098.jpg
INFO:root:cat.10099.jpg
INFO:root:cat.101.jpg
INFO:root:cat.1010.jpg
INFO:root:cat.10100.jpg
INFO:root:cat.10101.jpg
INFO:root:cat.10102.jpg
INFO:root:cat.10103.jpg
INFO:root:cat.10104.jpg
INFO:root:cat.10105.jpg
INFO:root:cat.10106.jpg
INFO:root:cat.10107.jpg
INFO:root:cat.10108.jpg
INFO:root:cat.10109.jpg
INFO:root:cat.1011.jpg
INFO:root:cat.10110.jpg
INFO:root:cat.10111.jpg
INFO:root:cat.10112.jpg
INFO:root:cat.10113.jpg
INFO:root:cat.10114.jpg
INFO:root:cat.10115.jpg
INFO:root:cat.10116.jpg
INFO:root:cat.10117.jpg
INFO:root:cat.10118.jpg
INFO:root:cat.10119.jpg
INFO:root:cat.1012.jpg
INFO:root:cat.10120.jpg
INFO:root:cat.10121.jpg
INFO:root:cat.10122.jpg
INFO:root:cat.10123.jpg
INFO:root:cat.10124.jpg
INFO:root:cat.10125.jpg
INFO:root:cat.10126.jpg
INFO:root:cat.10127.jpg
INFO:root:cat.10128.jpg
INFO:root:cat.10129.jpg
INFO:root:cat.1013.jpg
INFO:root:cat.10130.jpg
INFO:root:cat.10131.jpg
INFO:root:cat.10132.jpg
INFO:root:cat.10133.jpg
INFO:root:cat.10134.jpg
INFO:root:cat.10135.jpg
INFO:root:cat.10136.jpg
INFO:root:cat.10137.jpg
INFO:root:cat.10138.jpg
INFO:root:cat.10139.jpg
INFO:root:cat.1014.jpg
INFO:root:cat.10140.jpg
INFO:root:cat.10141.jpg
INFO:root:cat.10142.jpg
INFO:root:cat.10143.jpg
INFO:root:cat.10144.jpg
INFO:root:cat.10145.jpg
INFO:root:cat.10146.jpg
INFO:root:cat.10147.jpg
INFO:root:cat.10148.jpg
INFO:root:cat.10149.jpg
INFO:root:cat.1015.jpg
INFO:root:cat.10150.jpg
INFO:root:cat.10151.jpg
INFO:root:cat.10152.jpg
INFO:root:cat.10153.jpg
INFO:root:cat.10154.jpg
INFO:root:cat.10155.jpg
INFO:root:cat.10156.jpg
INFO:root:cat.10157.jpg
INFO:root:cat.10158.jpg
INFO:root:cat.10159.jpg
INFO:root:cat.1016.jpg
INFO:root:cat.10160.jpg
INFO:root:cat.10161.jpg
INFO:root:cat.10162.jpg
INFO:root:cat.10163.jpg
INFO:root:cat.10164.jpg
INFO:root:cat.10165.jpg
INFO:root:cat.10166.jpg
INFO:root:cat.10167.jpg
INFO:root:cat.10168.jpg
INFO:root:cat.10169.jpg
INFO:root:cat.1017.jpg
INFO:root:cat.10170.jpg
INFO:root:cat.10171.jpg
INFO:root:cat.10172.jpg
INFO:root:cat.10173.jpg
INFO:root:cat.10174.jpg
INFO:root:cat.10175.jpg
INFO:root:cat.10176.jpg
INFO:root:cat.10177.jpg
INFO:root:cat.10178.jpg
INFO:root:cat.10179.jpg
INFO:root:cat.1018.jpg
INFO:root:cat.10180.jpg
INFO:root:cat.10181.jpg
INFO:root:cat.10182.jpg
INFO:root:cat.10183.jpg
INFO:root:cat.10184.jpg
INFO:root:cat.10185.jpg
INFO:root:cat.10186.jpg
INFO:root:cat.10187.jpg
INFO:root:cat.10188.jpg
INFO:root:cat.10189.jpg
INFO:root:cat.1019.jpg
INFO:root:cat.10190.jpg
INFO:root:cat.10191.jpg
INFO:root:cat.10192.jpg
INFO:root:cat.10193.jpg
INFO:root:cat.10194.jpg
INFO:root:cat.10195.jpg
INFO:root:cat.10196.jpg
INFO:root:cat.10197.jpg
INFO:root:cat.10198.jpg
INFO:root:cat.10199.jpg
INFO:root:cat.102.jpg
INFO:root:cat.1020.jpg
INFO:root:cat.10200.jpg
INFO:root:cat.10201.jpg
INFO:root:cat.10202.jpg
INFO:root:cat.10203.jpg
INFO:root:cat.10204.jpg
INFO:root:cat.10205.jpg
INFO:root:cat.10206.jpg
INFO:root:cat.10207.jpg
INFO:root:cat.10208.jpg
INFO:root:cat.10209.jpg
INFO:root:cat.1021.jpg
INFO:root:cat.10210.jpg
INFO:root:cat.10211.jpg
INFO:root:cat.10212.jpg
INFO:root:cat.10213.jpg
INFO:root:cat.10214.jpg
INFO:root:cat.10215.jpg
INFO:root:cat.10216.jpg
INFO:root:cat.10217.jpg
INFO:root:cat.10218.jpg
INFO:root:cat.10219.jpg
INFO:root:cat.1022.jpg
INFO:root:cat.10220.jpg
INFO:root:cat.10221.jpg
INFO:root:cat.10222.jpg
INFO:root:cat.10223.jpg
INFO:root:cat.10224.jpg
INFO:root:cat.10225.jpg
INFO:root:cat.10226.jpg
INFO:root:cat.10227.jpg
INFO:root:cat.10228.jpg
INFO:root:cat.10229.jpg
INFO:root:cat.1023.jpg
INFO:root:cat.10230.jpg
INFO:root:cat.10231.jpg
INFO:root:cat.10232.jpg
INFO:root:cat.10233.jpg
INFO:root:cat.10234.jpg
INFO:root:cat.10235.jpg
INFO:root:cat.10236.jpg
INFO:root:cat.10237.jpg
INFO:root:cat.10238.jpg
INFO:root:cat.10239.jpg
INFO:root:cat.1024.jpg
INFO:root:cat.10240.jpg
INFO:root:cat.10241.jpg
INFO:root:cat.10242.jpg
INFO:root:cat.10243.jpg
INFO:root:cat.10244.jpg
INFO:root:cat.10245.jpg
INFO:root:cat.10246.jpg
INFO:root:cat.10247.jpg
INFO:root:cat.10248.jpg
INFO:root:cat.10249.jpg
INFO:root:cat.1025.jpg
INFO:root:cat.10250.jpg
INFO:root:cat.10251.jpg
INFO:root:cat.10252.jpg
INFO:root:cat.10253.jpg
INFO:root:cat.10254.jpg
INFO:root:cat.10255.jpg
INFO:root:cat.10256.jpg
INFO:root:cat.10257.jpg
INFO:root:cat.10258.jpg
INFO:root:cat.10259.jpg
INFO:root:cat.1026.jpg
INFO:root:cat.10260.jpg
INFO:root:cat.10261.jpg
INFO:root:cat.10262.jpg
INFO:root:cat.10263.jpg
INFO:root:cat.10264.jpg
INFO:root:cat.10265.jpg
INFO:root:cat.10266.jpg
INFO:root:cat.10267.jpg
INFO:root:cat.10268.jpg
INFO:root:cat.10269.jpg
INFO:root:cat.1027.jpg
INFO:root:cat.10270.jpg
INFO:root:cat.10271.jpg
INFO:root:cat.10272.jpg
INFO:root:cat.10273.jpg
INFO:root:cat.10274.jpg
INFO:root:cat.10275.jpg
INFO:root:cat.10276.jpg
INFO:root:cat.10277.jpg
INFO:root:cat.10278.jpg
INFO:root:cat.10279.jpg
INFO:root:cat.1028.jpg
INFO:root:cat.10280.jpg
INFO:root:cat.10281.jpg
INFO:root:cat.10282.jpg
INFO:root:cat.10283.jpg
INFO:root:cat.10284.jpg
INFO:root:cat.10285.jpg
INFO:root:cat.10286.jpg
INFO:root:cat.10287.jpg
INFO:root:cat.10288.jpg
INFO:root:cat.10289.jpg
INFO:root:cat.1029.jpg
INFO:root:cat.10290.jpg
INFO:root:cat.10291.jpg
INFO:root:cat.10292.jpg
INFO:root:cat.10293.jpg
INFO:root:cat.10294.jpg
INFO:root:cat.10295.jpg
INFO:root:cat.10296.jpg
INFO:root:cat.10297.jpg
INFO:root:cat.10298.jpg
INFO:root:cat.10299.jpg
INFO:root:cat.103.jpg
INFO:root:cat.1030.jpg
INFO:root:cat.10300.jpg
INFO:root:cat.10301.jpg
INFO:root:cat.10302.jpg
INFO:root:cat.10303.jpg
INFO:root:cat.10304.jpg
INFO:root:cat.10305.jpg
INFO:root:cat.10306.jpg
INFO:root:cat.10307.jpg
INFO:root:cat.10308.jpg
INFO:root:cat.10309.jpg
INFO:root:cat.1031.jpg
INFO:root:cat.10310.jpg
INFO:root:cat.10311.jpg
INFO:root:cat.10312.jpg
INFO:root:cat.10313.jpg
INFO:root:cat.10314.jpg
INFO:root:cat.10315.jpg
INFO:root:cat.10316.jpg
INFO:root:cat.10317.jpg
INFO:root:cat.10318.jpg
INFO:root:cat.10319.jpg
INFO:root:cat.1032.jpg
INFO:root:cat.10320.jpg
INFO:root:cat.10321.jpg
INFO:root:cat.10322.jpg
INFO:root:cat.10323.jpg
INFO:root:cat.10324.jpg
INFO:root:cat.10325.jpg
INFO:root:cat.10326.jpg
INFO:root:cat.10327.jpg
INFO:root:cat.10328.jpg
INFO:root:cat.10329.jpg
INFO:root:cat.1033.jpg
INFO:root:cat.10330.jpg
INFO:root:cat.10331.jpg
INFO:root:cat.10332.jpg
INFO:root:cat.10333.jpg
INFO:root:cat.10334.jpg
INFO:root:cat.10335.jpg
INFO:root:cat.10336.jpg
INFO:root:cat.10337.jpg
INFO:root:cat.10338.jpg
INFO:root:cat.10339.jpg
INFO:root:cat.1034.jpg
INFO:root:cat.10340.jpg
INFO:root:cat.10341.jpg
INFO:root:cat.10342.jpg
INFO:root:cat.10343.jpg
INFO:root:cat.10344.jpg
INFO:root:cat.10345.jpg
INFO:root:cat.10346.jpg
INFO:root:cat.10347.jpg
INFO:root:cat.10348.jpg
INFO:root:cat.10349.jpg
INFO:root:cat.1035.jpg
INFO:root:cat.10350.jpg
INFO:root:cat.10351.jpg
INFO:root:cat.10352.jpg
INFO:root:cat.10353.jpg
INFO:root:cat.10354.jpg
INFO:root:cat.10355.jpg
INFO:root:cat.10356.jpg
INFO:root:cat.10357.jpg
INFO:root:cat.10358.jpg
INFO:root:cat.10359.jpg
INFO:root:cat.1036.jpg
INFO:root:cat.10360.jpg
INFO:root:cat.10361.jpg
INFO:root:cat.10362.jpg
INFO:root:cat.10363.jpg
INFO:root:cat.10364.jpg
INFO:root:cat.10365.jpg
INFO:root:cat.10366.jpg
INFO:root:cat.10367.jpg
INFO:root:cat.10368.jpg
INFO:root:cat.10369.jpg
INFO:root:cat.1037.jpg
INFO:root:cat.10370.jpg
INFO:root:cat.10371.jpg
INFO:root:cat.10372.jpg
INFO:root:cat.10373.jpg
INFO:root:cat.10374.jpg
INFO:root:cat.10375.jpg
INFO:root:cat.10376.jpg
INFO:root:cat.10377.jpg
INFO:root:cat.10378.jpg
INFO:root:cat.10379.jpg
INFO:root:cat.1038.jpg
INFO:root:cat.10380.jpg
INFO:root:cat.10381.jpg
INFO:root:cat.10382.jpg
INFO:root:cat.10383.jpg
INFO:root:cat.10384.jpg
INFO:root:cat.10385.jpg
INFO:root:cat.10386.jpg
INFO:root:cat.10387.jpg
INFO:root:cat.10388.jpg
INFO:root:cat.10389.jpg
INFO:root:cat.1039.jpg
INFO:root:cat.10390.jpg
INFO:root:cat.10391.jpg
INFO:root:cat.10392.jpg
INFO:root:cat.10393.jpg
INFO:root:cat.10394.jpg
INFO:root:cat.10395.jpg
INFO:root:cat.10396.jpg
INFO:root:cat.10397.jpg
INFO:root:cat.10398.jpg
INFO:root:cat.10399.jpg
INFO:root:cat.104.jpg
INFO:root:cat.1040.jpg
INFO:root:cat.10400.jpg
INFO:root:cat.10401.jpg
INFO:root:cat.10402.jpg
INFO:root:cat.10403.jpg
INFO:root:cat.10404.jpg
INFO:root:cat.10405.jpg
INFO:root:cat.10406.jpg
INFO:root:cat.10407.jpg
INFO:root:cat.10408.jpg
INFO:root:cat.10409.jpg
INFO:root:cat.1041.jpg
INFO:root:cat.10410.jpg
INFO:root:cat.10411.jpg
INFO:root:cat.10412.jpg
INFO:root:cat.10413.jpg
INFO:root:cat.10414.jpg
INFO:root:cat.10415.jpg
INFO:root:cat.10416.jpg
INFO:root:cat.10417.jpg
INFO:root:cat.10418.jpg
INFO:root:cat.10419.jpg
INFO:root:cat.1042.jpg
INFO:root:cat.10420.jpg
INFO:root:cat.10421.jpg
INFO:root:cat.10422.jpg
INFO:root:cat.10423.jpg
INFO:root:cat.10424.jpg
INFO:root:cat.10425.jpg
INFO:root:cat.10426.jpg
INFO:root:cat.10427.jpg
INFO:root:cat.10428.jpg
INFO:root:cat.10429.jpg
INFO:root:cat.1043.jpg
INFO:root:cat.10430.jpg
INFO:root:cat.10431.jpg
INFO:root:cat.10432.jpg
INFO:root:cat.10433.jpg
INFO:root:cat.10434.jpg
INFO:root:cat.10435.jpg
INFO:root:cat.10436.jpg
INFO:root:cat.10437.jpg
INFO:root:cat.10438.jpg
INFO:root:cat.10439.jpg
INFO:root:cat.1044.jpg
INFO:root:cat.10440.jpg
INFO:root:cat.10441.jpg
INFO:root:cat.10442.jpg
INFO:root:cat.10443.jpg
INFO:root:cat.10444.jpg
INFO:root:cat.10445.jpg
INFO:root:cat.10446.jpg
INFO:root:cat.10447.jpg
INFO:root:cat.10448.jpg
INFO:root:cat.10449.jpg
INFO:root:cat.1045.jpg
INFO:root:cat.10450.jpg
INFO:root:cat.10451.jpg
INFO:root:cat.10452.jpg
INFO:root:cat.10453.jpg
INFO:root:cat.10454.jpg
INFO:root:cat.10455.jpg
INFO:root:cat.10456.jpg
INFO:root:cat.10457.jpg
INFO:root:cat.10458.jpg
INFO:root:cat.10459.jpg
INFO:root:cat.1046.jpg
INFO:root:cat.10460.jpg
INFO:root:cat.10461.jpg
INFO:root:cat.10462.jpg
INFO:root:cat.10463.jpg
INFO:root:cat.10464.jpg
INFO:root:cat.10465.jpg
INFO:root:cat.10466.jpg
INFO:root:cat.10467.jpg
INFO:root:cat.10468.jpg
INFO:root:cat.10469.jpg
INFO:root:cat.1047.jpg
INFO:root:cat.10470.jpg
INFO:root:cat.10471.jpg
INFO:root:cat.10472.jpg
INFO:root:cat.10473.jpg
INFO:root:cat.10474.jpg
INFO:root:cat.10475.jpg
INFO:root:cat.10476.jpg
INFO:root:cat.10477.jpg
INFO:root:cat.10478.jpg
INFO:root:cat.10479.jpg
INFO:root:cat.1048.jpg
INFO:root:cat.10480.jpg
INFO:root:cat.10481.jpg
INFO:root:cat.10482.jpg
INFO:root:cat.10483.jpg
INFO:root:cat.10484.jpg
INFO:root:cat.10485.jpg
INFO:root:cat.10486.jpg
INFO:root:cat.10487.jpg
INFO:root:cat.10488.jpg
INFO:root:cat.10489.jpg
INFO:root:cat.1049.jpg
INFO:root:cat.10490.jpg
INFO:root:cat.10491.jpg
INFO:root:cat.10492.jpg
INFO:root:cat.10493.jpg
INFO:root:cat.10494.jpg
INFO:root:cat.10495.jpg
INFO:root:cat.10496.jpg
INFO:root:cat.10497.jpg
INFO:root:cat.10498.jpg
INFO:root:cat.10499.jpg
INFO:root:cat.105.jpg
INFO:root:cat.1050.jpg
INFO:root:cat.10500.jpg
INFO:root:cat.10501.jpg
INFO:root:cat.10502.jpg
INFO:root:cat.10503.jpg
INFO:root:cat.10504.jpg
INFO:root:cat.10505.jpg
INFO:root:cat.10506.jpg
INFO:root:cat.10507.jpg
INFO:root:cat.10508.jpg
INFO:root:cat.10509.jpg
INFO:root:cat.1051.jpg
INFO:root:cat.10510.jpg
INFO:root:cat.10511.jpg
INFO:root:cat.10512.jpg
INFO:root:cat.10513.jpg
INFO:root:cat.10514.jpg
INFO:root:cat.10515.jpg
INFO:root:cat.10516.jpg
INFO:root:cat.10517.jpg
INFO:root:cat.10518.jpg
INFO:root:cat.10519.jpg
INFO:root:cat.1052.jpg
INFO:root:cat.10520.jpg
INFO:root:cat.10521.jpg
INFO:root:cat.10522.jpg
INFO:root:cat.10523.jpg
INFO:root:cat.10524.jpg
INFO:root:cat.10525.jpg
INFO:root:cat.10526.jpg
INFO:root:cat.10527.jpg
INFO:root:cat.10528.jpg
INFO:root:cat.10529.jpg
INFO:root:cat.1053.jpg
INFO:root:cat.10530.jpg
INFO:root:cat.10531.jpg
INFO:root:cat.10532.jpg
INFO:root:cat.10533.jpg
INFO:root:cat.10534.jpg
INFO:root:cat.10535.jpg
INFO:root:cat.10536.jpg
INFO:root:cat.10537.jpg
INFO:root:cat.10538.jpg
INFO:root:cat.10539.jpg
INFO:root:cat.1054.jpg
INFO:root:cat.10540.jpg
INFO:root:cat.10541.jpg
INFO:root:cat.10542.jpg
INFO:root:cat.10543.jpg
INFO:root:cat.10544.jpg
INFO:root:cat.10545.jpg
INFO:root:cat.10546.jpg
INFO:root:cat.10547.jpg
INFO:root:cat.10548.jpg
INFO:root:cat.10549.jpg
INFO:root:cat.1055.jpg
INFO:root:cat.10550.jpg
INFO:root:cat.10551.jpg
INFO:root:cat.10552.jpg
INFO:root:cat.10553.jpg
INFO:root:cat.10554.jpg
INFO:root:cat.10555.jpg
INFO:root:cat.10556.jpg
INFO:root:cat.10557.jpg
INFO:root:cat.10558.jpg
INFO:root:cat.10559.jpg
INFO:root:dog.0.jpg
INFO:root:dog.1.jpg
INFO:root:dog.10.jpg
INFO:root:dog.100.jpg
INFO:root:dog.1000.jpg
INFO:root:dog.10000.jpg
INFO:root:dog.10001.jpg
INFO:root:dog.10002.jpg
INFO:root:dog.10003.jpg
INFO:root:dog.10004.jpg
INFO:root:dog.10005.jpg
INFO:root:dog.10006.jpg
INFO:root:dog.10007.jpg
INFO:root:dog.10008.jpg
INFO:root:dog.10009.jpg
INFO:root:dog.1001.jpg
INFO:root:dog.10010.jpg
INFO:root:dog.10011.jpg
INFO:root:dog.10012.jpg
INFO:root:dog.10013.jpg
INFO:root:dog.10014.jpg
INFO:root:dog.10015.jpg
INFO:root:dog.10016.jpg
INFO:root:dog.10017.jpg
INFO:root:dog.10018.jpg
INFO:root:dog.10019.jpg
INFO:root:dog.1002.jpg
INFO:root:dog.10020.jpg
INFO:root:dog.10021.jpg
INFO:root:dog.10022.jpg
INFO:root:dog.10023.jpg
INFO:root:dog.10024.jpg
INFO:root:dog.10025.jpg
INFO:root:dog.10026.jpg
INFO:root:dog.10027.jpg
INFO:root:dog.10028.jpg
INFO:root:dog.10029.jpg
INFO:root:dog.1003.jpg
INFO:root:dog.10030.jpg
INFO:root:dog.10031.jpg
INFO:root:dog.10032.jpg
INFO:root:dog.10033.jpg
INFO:root:dog.10034.jpg
INFO:root:dog.10035.jpg
INFO:root:dog.10036.jpg
INFO:root:dog.10037.jpg
INFO:root:dog.10038.jpg
INFO:root:dog.10039.jpg
INFO:root:dog.1004.jpg
INFO:root:dog.10040.jpg
INFO:root:dog.10041.jpg
INFO:root:dog.10042.jpg
INFO:root:dog.10043.jpg
INFO:root:dog.10044.jpg
INFO:root:dog.10045.jpg
INFO:root:dog.10046.jpg
INFO:root:dog.10047.jpg
INFO:root:dog.10048.jpg
INFO:root:dog.10049.jpg
INFO:root:dog.1005.jpg
INFO:root:dog.10050.jpg
INFO:root:dog.10051.jpg
INFO:root:dog.10052.jpg
INFO:root:dog.10053.jpg
INFO:root:dog.10054.jpg
INFO:root:dog.10055.jpg
INFO:root:dog.10056.jpg
INFO:root:dog.10057.jpg
INFO:root:dog.10058.jpg
INFO:root:dog.10059.jpg
INFO:root:dog.1006.jpg
INFO:root:dog.10060.jpg
INFO:root:dog.10061.jpg
INFO:root:dog.10062.jpg
INFO:root:dog.10063.jpg
INFO:root:dog.10064.jpg
INFO:root:dog.10065.jpg
INFO:root:dog.10066.jpg
INFO:root:dog.10067.jpg
INFO:root:dog.10068.jpg
INFO:root:dog.10069.jpg
INFO:root:dog.1007.jpg
INFO:root:dog.10070.jpg
INFO:root:dog.10071.jpg
INFO:root:dog.10072.jpg
INFO:root:dog.10073.jpg
INFO:root:dog.10074.jpg
INFO:root:dog.10075.jpg
INFO:root:dog.10076.jpg
INFO:root:dog.10077.jpg
INFO:root:dog.10078.jpg
INFO:root:dog.10079.jpg
INFO:root:dog.1008.jpg
INFO:root:dog.10080.jpg
INFO:root:dog.10081.jpg
INFO:root:dog.10082.jpg
INFO:root:dog.10083.jpg
INFO:root:dog.10084.jpg
INFO:root:dog.10085.jpg
INFO:root:dog.10086.jpg
INFO:root:dog.10087.jpg
INFO:root:dog.10088.jpg
INFO:root:dog.10089.jpg
INFO:root:dog.1009.jpg
INFO:root:dog.10090.jpg
INFO:root:dog.10091.jpg
INFO:root:dog.10092.jpg
INFO:root:dog.10093.jpg
INFO:root:dog.10094.jpg
INFO:root:dog.10095.jpg
INFO:root:dog.10096.jpg
INFO:root:dog.10097.jpg
INFO:root:dog.10098.jpg
INFO:root:dog.10099.jpg
INFO:root:dog.101.jpg
INFO:root:dog.1010.jpg
INFO:root:dog.10100.jpg
INFO:root:dog.10101.jpg
INFO:root:dog.10102.jpg
INFO:root:dog.10103.jpg
INFO:root:dog.10104.jpg
INFO:root:dog.10105.jpg
INFO:root:dog.10106.jpg
INFO:root:dog.10107.jpg
INFO:root:dog.10108.jpg
INFO:root:dog.10109.jpg
INFO:root:dog.1011.jpg
INFO:root:dog.10110.jpg
INFO:root:dog.10111.jpg
INFO:root:dog.10112.jpg
INFO:root:dog.10113.jpg
INFO:root:dog.10114.jpg
INFO:root:dog.10115.jpg
INFO:root:dog.10116.jpg
INFO:root:dog.10117.jpg
INFO:root:dog.10118.jpg
INFO:root:dog.10119.jpg
INFO:root:dog.1012.jpg
INFO:root:dog.10120.jpg
INFO:root:dog.10121.jpg
INFO:root:dog.10122.jpg
INFO:root:dog.10123.jpg
INFO:root:dog.10124.jpg
INFO:root:dog.10125.jpg
INFO:root:dog.10126.jpg
INFO:root:dog.10127.jpg
INFO:root:dog.10128.jpg
INFO:root:dog.10129.jpg
INFO:root:dog.1013.jpg
INFO:root:dog.10130.jpg
INFO:root:dog.10131.jpg
INFO:root:dog.10132.jpg
INFO:root:dog.10133.jpg
INFO:root:dog.10134.jpg
INFO:root:dog.10135.jpg
INFO:root:dog.10136.jpg
INFO:root:dog.10137.jpg
INFO:root:dog.10138.jpg
INFO:root:dog.10139.jpg
INFO:root:dog.1014.jpg
INFO:root:dog.10140.jpg
INFO:root:dog.10141.jpg
INFO:root:dog.10142.jpg
INFO:root:dog.10143.jpg
INFO:root:dog.10144.jpg
INFO:root:dog.10145.jpg
INFO:root:dog.10146.jpg
INFO:root:dog.10147.jpg
INFO:root:dog.10148.jpg
INFO:root:dog.10149.jpg
INFO:root:dog.1015.jpg
INFO:root:dog.10150.jpg
INFO:root:dog.10151.jpg
INFO:root:dog.10152.jpg
INFO:root:dog.10153.jpg
INFO:root:dog.10154.jpg
INFO:root:dog.10155.jpg
INFO:root:dog.10156.jpg
INFO:root:dog.10157.jpg
INFO:root:dog.10158.jpg
INFO:root:dog.10159.jpg
INFO:root:dog.1016.jpg
INFO:root:dog.10160.jpg
INFO:root:dog.10161.jpg
INFO:root:dog.10162.jpg
INFO:root:dog.10163.jpg
INFO:root:dog.10164.jpg
INFO:root:dog.10165.jpg
INFO:root:dog.10166.jpg
INFO:root:dog.10167.jpg
INFO:root:dog.10168.jpg
INFO:root:dog.10169.jpg
INFO:root:dog.1017.jpg
INFO:root:dog.10170.jpg
INFO:root:dog.10171.jpg
INFO:root:dog.10172.jpg
INFO:root:dog.10173.jpg
INFO:root:dog.10174.jpg
INFO:root:dog.10175.jpg
INFO:root:dog.10176.jpg
INFO:root:dog.10177.jpg
INFO:root:dog.10178.jpg
INFO:root:dog.10179.jpg
INFO:root:dog.1018.jpg
INFO:root:dog.10180.jpg
INFO:root:dog.10181.jpg
INFO:root:dog.10182.jpg
INFO:root:dog.10183.jpg
INFO:root:dog.10184.jpg
INFO:root:dog.10185.jpg
INFO:root:dog.10186.jpg
INFO:root:dog.10187.jpg
INFO:root:dog.10188.jpg
INFO:root:dog.10189.jpg
INFO:root:dog.1019.jpg
INFO:root:dog.10190.jpg
INFO:root:dog.10191.jpg
INFO:root:dog.10192.jpg
INFO:root:dog.10193.jpg
INFO:root:dog.10194.jpg
INFO:root:dog.10195.jpg
INFO:root:dog.10196.jpg
INFO:root:dog.10197.jpg
INFO:root:dog.10198.jpg
INFO:root:dog.10199.jpg
INFO:root:dog.102.jpg
INFO:root:dog.1020.jpg
INFO:root:dog.10200.jpg
INFO:root:dog.10201.jpg
INFO:root:dog.10202.jpg
INFO:root:dog.10203.jpg
INFO:root:dog.10204.jpg
INFO:root:dog.10205.jpg
INFO:root:dog.10206.jpg
INFO:root:dog.10207.jpg
INFO:root:dog.10208.jpg
INFO:root:dog.10209.jpg
INFO:root:dog.1021.jpg
INFO:root:dog.10210.jpg
INFO:root:dog.10211.jpg
INFO:root:dog.10212.jpg
INFO:root:dog.10213.jpg
INFO:root:dog.10214.jpg
INFO:root:dog.10215.jpg
INFO:root:dog.10216.jpg
INFO:root:dog.10217.jpg
INFO:root:dog.10218.jpg
INFO:root:dog.10219.jpg
INFO:root:dog.1022.jpg
INFO:root:dog.10220.jpg
INFO:root:dog.10221.jpg
INFO:root:dog.10222.jpg
INFO:root:dog.10223.jpg
INFO:root:dog.10224.jpg
INFO:root:dog.10225.jpg
INFO:root:dog.10226.jpg
INFO:root:dog.10227.jpg
INFO:root:dog.10228.jpg
INFO:root:dog.10229.jpg
INFO:root:dog.1023.jpg
INFO:root:dog.10230.jpg
INFO:root:dog.10231.jpg
INFO:root:dog.10232.jpg
INFO:root:dog.10233.jpg
INFO:root:dog.10234.jpg
INFO:root:dog.10235.jpg
INFO:root:dog.10236.jpg
INFO:root:dog.10237.jpg
INFO:root:dog.10238.jpg
INFO:root:dog.10239.jpg
INFO:root:dog.1024.jpg
INFO:root:dog.10240.jpg
INFO:root:dog.10241.jpg
INFO:root:dog.10242.jpg
INFO:root:dog.10243.jpg
INFO:root:dog.10244.jpg
INFO:root:dog.10245.jpg
INFO:root:dog.10246.jpg
INFO:root:dog.10247.jpg
INFO:root:dog.10248.jpg
INFO:root:dog.10249.jpg
INFO:root:dog.1025.jpg
INFO:root:dog.10250.jpg
INFO:root:dog.10251.jpg
INFO:root:dog.10252.jpg
INFO:root:dog.10253.jpg
INFO:root:dog.10254.jpg
INFO:root:dog.10255.jpg
INFO:root:dog.10256.jpg
INFO:root:dog.10257.jpg
INFO:root:dog.10258.jpg
INFO:root:dog.10259.jpg
INFO:root:dog.1026.jpg
INFO:root:dog.10260.jpg
INFO:root:dog.10261.jpg
INFO:root:dog.10262.jpg
INFO:root:dog.10263.jpg
INFO:root:dog.10264.jpg
INFO:root:dog.10265.jpg
INFO:root:dog.10266.jpg
INFO:root:dog.10267.jpg
INFO:root:dog.10268.jpg
INFO:root:dog.10269.jpg
INFO:root:dog.1027.jpg
INFO:root:dog.10270.jpg
INFO:root:dog.10271.jpg
INFO:root:dog.10272.jpg
INFO:root:dog.10273.jpg
INFO:root:dog.10274.jpg
INFO:root:dog.10275.jpg
INFO:root:dog.10276.jpg
INFO:root:dog.10277.jpg
INFO:root:dog.10278.jpg
INFO:root:dog.10279.jpg
INFO:root:dog.1028.jpg
INFO:root:dog.10280.jpg
INFO:root:dog.10281.jpg
INFO:root:dog.10282.jpg
INFO:root:dog.10283.jpg
INFO:root:dog.10284.jpg
INFO:root:dog.10285.jpg
INFO:root:dog.10286.jpg
INFO:root:dog.10287.jpg
INFO:root:dog.10288.jpg
INFO:root:dog.10289.jpg
INFO:root:dog.1029.jpg
INFO:root:dog.10290.jpg
INFO:root:dog.10291.jpg
INFO:root:dog.10292.jpg
INFO:root:dog.10293.jpg
INFO:root:dog.10294.jpg
INFO:root:dog.10295.jpg
INFO:root:dog.10296.jpg
INFO:root:dog.10297.jpg
INFO:root:dog.10298.jpg
INFO:root:dog.10299.jpg
INFO:root:dog.103.jpg
INFO:root:dog.1030.jpg
INFO:root:dog.10300.jpg
INFO:root:dog.10301.jpg
INFO:root:dog.10302.jpg
INFO:root:dog.10303.jpg
INFO:root:dog.10304.jpg
INFO:root:dog.10305.jpg
INFO:root:dog.10306.jpg
INFO:root:dog.10307.jpg
INFO:root:dog.10308.jpg
INFO:root:dog.10309.jpg
INFO:root:dog.1031.jpg
INFO:root:dog.10310.jpg
INFO:root:dog.10311.jpg
INFO:root:dog.10312.jpg
INFO:root:dog.10313.jpg
INFO:root:dog.10314.jpg
INFO:root:dog.10315.jpg
INFO:root:dog.10316.jpg
INFO:root:dog.10317.jpg
INFO:root:dog.10318.jpg
INFO:root:dog.10319.jpg
INFO:root:dog.1032.jpg
INFO:root:dog.10320.jpg
INFO:root:dog.10321.jpg
INFO:root:dog.10322.jpg
INFO:root:dog.10323.jpg
INFO:root:dog.10324.jpg
INFO:root:dog.10325.jpg
INFO:root:dog.10326.jpg
INFO:root:dog.10327.jpg
INFO:root:dog.10328.jpg
INFO:root:dog.10329.jpg
INFO:root:dog.1033.jpg
INFO:root:dog.10330.jpg
INFO:root:dog.10331.jpg
INFO:root:dog.10332.jpg
INFO:root:dog.10333.jpg
INFO:root:dog.10334.jpg
INFO:root:dog.10335.jpg
INFO:root:dog.10336.jpg
INFO:root:dog.10337.jpg
INFO:root:dog.10338.jpg
INFO:root:dog.10339.jpg
INFO:root:dog.1034.jpg
INFO:root:dog.10340.jpg
INFO:root:dog.10341.jpg
INFO:root:dog.10342.jpg
INFO:root:dog.10343.jpg
INFO:root:dog.10344.jpg
INFO:root:dog.10345.jpg
INFO:root:dog.10346.jpg
INFO:root:dog.10347.jpg
INFO:root:dog.10348.jpg
INFO:root:dog.10349.jpg
INFO:root:dog.1035.jpg
INFO:root:dog.10350.jpg
INFO:root:dog.10351.jpg
INFO:root:dog.10352.jpg
INFO:root:dog.10353.jpg
INFO:root:dog.10354.jpg
INFO:root:dog.10355.jpg
INFO:root:dog.10356.jpg
INFO:root:dog.10357.jpg
INFO:root:dog.10358.jpg
INFO:root:dog.10359.jpg
INFO:root:dog.1036.jpg
INFO:root:dog.10360.jpg
INFO:root:dog.10361.jpg
INFO:root:dog.10362.jpg
INFO:root:dog.10363.jpg
INFO:root:dog.10364.jpg
INFO:root:dog.10365.jpg
INFO:root:dog.10366.jpg
INFO:root:dog.10367.jpg
INFO:root:dog.10368.jpg
INFO:root:dog.10369.jpg
INFO:root:dog.1037.jpg
INFO:root:dog.10370.jpg
INFO:root:dog.10371.jpg
INFO:root:dog.10372.jpg
INFO:root:dog.10373.jpg
INFO:root:dog.10374.jpg
INFO:root:dog.10375.jpg
INFO:root:dog.10376.jpg
INFO:root:dog.10377.jpg
INFO:root:dog.10378.jpg
INFO:root:dog.10379.jpg
INFO:root:dog.1038.jpg
INFO:root:dog.10380.jpg
INFO:root:dog.10381.jpg
INFO:root:dog.10382.jpg
INFO:root:dog.10383.jpg
INFO:root:dog.10384.jpg
INFO:root:dog.10385.jpg
INFO:root:dog.10386.jpg
INFO:root:dog.10387.jpg
INFO:root:dog.10388.jpg
INFO:root:dog.10389.jpg
INFO:root:dog.1039.jpg
INFO:root:dog.10390.jpg
INFO:root:dog.10391.jpg
INFO:root:dog.10392.jpg
INFO:root:dog.10393.jpg
INFO:root:dog.10394.jpg
INFO:root:dog.10395.jpg
INFO:root:dog.10396.jpg
INFO:root:dog.10397.jpg
INFO:root:dog.10398.jpg
INFO:root:dog.10399.jpg
INFO:root:dog.104.jpg
INFO:root:dog.1040.jpg
INFO:root:dog.10400.jpg
INFO:root:dog.10401.jpg
INFO:root:dog.10402.jpg
INFO:root:dog.10403.jpg
INFO:root:dog.10404.jpg
INFO:root:dog.10405.jpg
INFO:root:dog.10406.jpg
INFO:root:dog.10407.jpg
INFO:root:dog.10408.jpg
INFO:root:dog.10409.jpg
INFO:root:dog.1041.jpg
INFO:root:dog.10410.jpg
INFO:root:dog.10411.jpg
INFO:root:dog.10412.jpg
INFO:root:dog.10413.jpg
INFO:root:dog.10414.jpg
INFO:root:dog.10415.jpg
INFO:root:dog.10416.jpg
INFO:root:dog.10417.jpg
INFO:root:dog.10418.jpg
INFO:root:dog.10419.jpg
INFO:root:dog.1042.jpg
INFO:root:dog.10420.jpg
INFO:root:dog.10421.jpg
INFO:root:dog.10422.jpg
INFO:root:dog.10423.jpg
INFO:root:dog.10424.jpg
INFO:root:dog.10425.jpg
INFO:root:dog.10426.jpg
INFO:root:dog.10427.jpg
INFO:root:dog.10428.jpg
INFO:root:dog.10429.jpg
INFO:root:dog.1043.jpg
INFO:root:dog.10430.jpg
INFO:root:dog.10431.jpg
INFO:root:dog.10432.jpg
INFO:root:dog.10433.jpg
INFO:root:dog.10434.jpg
INFO:root:dog.10435.jpg
INFO:root:dog.10436.jpg
INFO:root:dog.10437.jpg
INFO:root:dog.10438.jpg
INFO:root:dog.10439.jpg
INFO:root:dog.1044.jpg
INFO:root:dog.10440.jpg
INFO:root:dog.10441.jpg
INFO:root:dog.10442.jpg
INFO:root:dog.10443.jpg
INFO:root:dog.10444.jpg
INFO:root:dog.10445.jpg
INFO:root:dog.10446.jpg
INFO:root:dog.10447.jpg
INFO:root:dog.10448.jpg
INFO:root:dog.10449.jpg
INFO:root:dog.1045.jpg
INFO:root:dog.10450.jpg
INFO:root:dog.10451.jpg
INFO:root:dog.10452.jpg
INFO:root:dog.10453.jpg
INFO:root:dog.10454.jpg
INFO:root:dog.10455.jpg
INFO:root:dog.10456.jpg
INFO:root:dog.10457.jpg
INFO:root:dog.10458.jpg
INFO:root:dog.10459.jpg
INFO:root:dog.1046.jpg
INFO:root:dog.10460.jpg
INFO:root:dog.10461.jpg
INFO:root:dog.10462.jpg
INFO:root:dog.10463.jpg
INFO:root:dog.10464.jpg
INFO:root:dog.10465.jpg
INFO:root:dog.10466.jpg
INFO:root:dog.10467.jpg
INFO:root:dog.10468.jpg
INFO:root:dog.10469.jpg
INFO:root:dog.1047.jpg
INFO:root:dog.10470.jpg
INFO:root:dog.10471.jpg
INFO:root:dog.10472.jpg
INFO:root:dog.10473.jpg
INFO:root:dog.10474.jpg
INFO:root:dog.10475.jpg
INFO:root:dog.10476.jpg
INFO:root:dog.10477.jpg
INFO:root:dog.10478.jpg
INFO:root:dog.10479.jpg
INFO:root:dog.1048.jpg
INFO:root:dog.10480.jpg
INFO:root:dog.10481.jpg
INFO:root:dog.10482.jpg
INFO:root:dog.10483.jpg
INFO:root:dog.10484.jpg
INFO:root:dog.10485.jpg
INFO:root:dog.10486.jpg
INFO:root:dog.10487.jpg
INFO:root:dog.10488.jpg
INFO:root:dog.10489.jpg
INFO:root:dog.1049.jpg
INFO:root:dog.10490.jpg
INFO:root:dog.10491.jpg
INFO:root:dog.10492.jpg
INFO:root:dog.10493.jpg
INFO:root:dog.10494.jpg
INFO:root:dog.10495.jpg
INFO:root:dog.10496.jpg
INFO:root:dog.10497.jpg
INFO:root:dog.10498.jpg
INFO:root:dog.10499.jpg
INFO:root:dog.105.jpg
INFO:root:dog.1050.jpg
INFO:root:dog.10500.jpg
INFO:root:dog.10501.jpg
INFO:root:dog.10502.jpg
INFO:root:dog.10503.jpg
INFO:root:dog.10504.jpg
INFO:root:dog.10505.jpg
INFO:root:dog.10506.jpg
INFO:root:dog.10507.jpg
INFO:root:dog.10508.jpg
INFO:root:dog.10509.jpg
INFO:root:dog.1051.jpg
INFO:root:dog.10510.jpg
INFO:root:dog.10511.jpg
INFO:root:dog.10512.jpg
INFO:root:dog.10513.jpg
INFO:root:dog.10514.jpg
INFO:root:dog.10515.jpg
INFO:root:dog.10516.jpg
INFO:root:dog.10517.jpg
INFO:root:dog.10518.jpg
INFO:root:dog.10519.jpg
INFO:root:dog.1052.jpg
INFO:root:dog.10520.jpg
INFO:root:dog.10521.jpg
INFO:root:dog.10522.jpg
INFO:root:dog.10523.jpg
INFO:root:dog.10524.jpg
INFO:root:dog.10525.jpg
INFO:root:dog.10526.jpg
INFO:root:dog.10527.jpg
INFO:root:dog.10528.jpg
INFO:root:dog.10529.jpg
INFO:root:dog.1053.jpg
INFO:root:dog.10530.jpg
INFO:root:dog.10531.jpg
INFO:root:dog.10532.jpg
INFO:root:dog.10533.jpg
INFO:root:dog.10534.jpg
INFO:root:dog.10535.jpg
INFO:root:dog.10536.jpg
INFO:root:dog.10537.jpg
INFO:root:dog.10538.jpg
INFO:root:dog.10539.jpg
INFO:root:dog.1054.jpg
INFO:root:dog.10540.jpg
INFO:root:dog.10541.jpg
INFO:root:dog.10542.jpg
INFO:root:dog.10543.jpg
INFO:root:dog.10544.jpg
INFO:root:dog.10545.jpg
INFO:root:dog.10546.jpg
INFO:root:dog.10547.jpg
INFO:root:dog.10548.jpg
INFO:root:dog.10549.jpg
INFO:root:dog.1055.jpg
INFO:root:dog.10550.jpg
INFO:root:dog.10551.jpg
INFO:root:dog.10552.jpg
INFO:root:dog.10553.jpg
INFO:root:dog.10554.jpg
INFO:root:dog.10555.jpg
INFO:root:dog.10556.jpg
INFO:root:dog.10557.jpg
INFO:root:dog.10558.jpg
INFO:root:dog.10559.jpg
INFO:root:Dzielenie na zbiory train/test
INFO:root:Definiowanie modelu
WARNING:tensorflow:From C:\Users\wrkmm\AppData\Local\Programs\Python\Python311\Lib\site-packages\keras\src\backend.py:873: The name tf.get_default_graph is deprecated. Please use tf.compat.v1.get_default_graph instead.

WARNING:tensorflow:From C:\Users\wrkmm\AppData\Local\Programs\Python\Python311\Lib\site-packages\keras\src\layers\pooling\max_pooling2d.py:161: The name tf.nn.max_pool is deprecated. Please use tf.nn.max_pool2d instead.

WARNING:tensorflow:From C:\Users\wrkmm\AppData\Local\Programs\Python\Python311\Lib\site-packages\keras\src\optimizers\__init__.py:309: The name tf.train.Optimizer is deprecated. Please use tf.compat.v1.train.Optimizer instead.

INFO:root:Rozpoczynam trenowanie modelu.
WARNING:tensorflow:From C:\Users\wrkmm\AppData\Local\Programs\Python\Python311\Lib\site-packages\keras\src\utils\tf_utils.py:492: The name tf.ragged.RaggedTensorValue is deprecated. Please use tf.compat.v1.ragged.RaggedTensorValue instead.

WARNING:tensorflow:From C:\Users\wrkmm\AppData\Local\Programs\Python\Python311\Lib\site-packages\keras\src\engine\base_layer_utils.py:384: The name tf.executing_eagerly_outside_functions is deprecated. Please use tf.compat.v1.executing_eagerly_outside_functions instead.

INFO:root:Zakoñczono trenowanie modelu.
INFO:root:Dok³adnoœæ na zbiorze testowym: 0.6480000019073486
INFO:root:Koniec.
INFO:root:Wczytano dane.
INFO:root:Wczytywanie obrazków.
INFO:root:cat.0.jpg
INFO:root:cat.1.jpg
INFO:root:cat.10.jpg
INFO:root:cat.100.jpg
INFO:root:cat.1000.jpg
INFO:root:cat.10000.jpg
INFO:root:cat.10001.jpg
INFO:root:cat.10002.jpg
INFO:root:cat.10003.jpg
INFO:root:cat.10004.jpg
INFO:root:cat.10005.jpg
INFO:root:cat.10006.jpg
INFO:root:dog.0.jpg
INFO:root:dog.1.jpg
INFO:root:dog.10.jpg
INFO:root:dog.100.jpg
INFO:root:dog.1000.jpg
INFO:root:dog.10000.jpg
INFO:root:dog.10001.jpg
INFO:root:dog.10002.jpg
INFO:root:dog.10003.jpg
INFO:root:dog.10004.jpg
INFO:root:dog.10005.jpg
INFO:root:dog.10006.jpg
INFO:root:Dzielenie na zbiory train/test
INFO:root:Definiowanie modelu
WARNING:tensorflow:From C:\Users\Admin\AppData\Roaming\Python\Python311\site-packages\keras\src\backend.py:873: The name tf.get_default_graph is deprecated. Please use tf.compat.v1.get_default_graph instead.

WARNING:tensorflow:From C:\Users\Admin\AppData\Roaming\Python\Python311\site-packages\keras\src\layers\pooling\max_pooling2d.py:161: The name tf.nn.max_pool is deprecated. Please use tf.nn.max_pool2d instead.

WARNING:tensorflow:From C:\Users\Admin\AppData\Roaming\Python\Python311\site-packages\keras\src\optimizers\__init__.py:309: The name tf.train.Optimizer is deprecated. Please use tf.compat.v1.train.Optimizer instead.

INFO:root:Rozpoczynam trenowanie modelu.
WARNING:tensorflow:From C:\Users\Admin\AppData\Roaming\Python\Python311\site-packages\keras\src\utils\tf_utils.py:492: The name tf.ragged.RaggedTensorValue is deprecated. Please use tf.compat.v1.ragged.RaggedTensorValue instead.

WARNING:tensorflow:From C:\Users\Admin\AppData\Roaming\Python\Python311\site-packages\keras\src\engine\base_layer_utils.py:384: The name tf.executing_eagerly_outside_functions is deprecated. Please use tf.compat.v1.executing_eagerly_outside_functions instead.

INFO:root:Zakoñczono trenowanie modelu.
INFO:root:Dok³adnoœæ na zbiorze testowym: 0.6000000238418579
INFO:root:Koniec.
