INFO:root:Wczytano dane.
INFO:root:Wczytywanie obrazków.
INFO:root:cat.0.jpg
INFO:root:cat.1.jpg
INFO:root:cat.10.jpg
INFO:root:cat.100.jpg
INFO:root:cat.1000.jpg
INFO:root:cat.10000.jpg
INFO:root:cat.10001.jpg
INFO:root:cat.10002.jpg
INFO:root:cat.10003.jpg
INFO:root:cat.10004.jpg
INFO:root:cat.10005.jpg
INFO:root:cat.10006.jpg
INFO:root:cat.10007.jpg
INFO:root:cat.10008.jpg
INFO:root:cat.10009.jpg
INFO:root:cat.1001.jpg
INFO:root:cat.10010.jpg
INFO:root:cat.10011.jpg
INFO:root:cat.10012.jpg
INFO:root:cat.10013.jpg
INFO:root:cat.10014.jpg
INFO:root:cat.10015.jpg
INFO:root:cat.10016.jpg
INFO:root:cat.10017.jpg
INFO:root:cat.10018.jpg
INFO:root:cat.10019.jpg
INFO:root:cat.1002.jpg
INFO:root:cat.10020.jpg
INFO:root:cat.10021.jpg
INFO:root:cat.10022.jpg
INFO:root:cat.10023.jpg
INFO:root:cat.10024.jpg
INFO:root:cat.10025.jpg
INFO:root:cat.10026.jpg
INFO:root:cat.10027.jpg
INFO:root:cat.10028.jpg
INFO:root:cat.10029.jpg
INFO:root:cat.1003.jpg
INFO:root:cat.10030.jpg
INFO:root:cat.10031.jpg
INFO:root:cat.10032.jpg
INFO:root:cat.10033.jpg
INFO:root:cat.10034.jpg
INFO:root:cat.10035.jpg
INFO:root:cat.10036.jpg
INFO:root:cat.10037.jpg
INFO:root:cat.10038.jpg
INFO:root:cat.10039.jpg
INFO:root:cat.1004.jpg
INFO:root:cat.10040.jpg
INFO:root:cat.10041.jpg
INFO:root:cat.10042.jpg
INFO:root:cat.10043.jpg
INFO:root:cat.10044.jpg
INFO:root:cat.10045.jpg
INFO:root:cat.10046.jpg
INFO:root:cat.10047.jpg
INFO:root:cat.10048.jpg
INFO:root:cat.10049.jpg
INFO:root:cat.1005.jpg
INFO:root:cat.10050.jpg
INFO:root:cat.10051.jpg
INFO:root:dog.0.jpg
INFO:root:dog.1.jpg
INFO:root:dog.10.jpg
INFO:root:dog.100.jpg
INFO:root:dog.1000.jpg
INFO:root:dog.10000.jpg
INFO:root:dog.10001.jpg
INFO:root:dog.10002.jpg
INFO:root:dog.10003.jpg
INFO:root:dog.10004.jpg
INFO:root:dog.10005.jpg
INFO:root:dog.10006.jpg
INFO:root:dog.10007.jpg
INFO:root:dog.10008.jpg
INFO:root:dog.10009.jpg
INFO:root:dog.1001.jpg
INFO:root:dog.10010.jpg
INFO:root:dog.10011.jpg
INFO:root:dog.10012.jpg
INFO:root:dog.10013.jpg
INFO:root:dog.10014.jpg
INFO:root:dog.10015.jpg
INFO:root:dog.10016.jpg
INFO:root:dog.10017.jpg
INFO:root:dog.10018.jpg
INFO:root:dog.10019.jpg
INFO:root:dog.1002.jpg
INFO:root:dog.10020.jpg
INFO:root:dog.10021.jpg
INFO:root:dog.10022.jpg
INFO:root:dog.10023.jpg
INFO:root:dog.10024.jpg
INFO:root:dog.10025.jpg
INFO:root:dog.10026.jpg
INFO:root:dog.10027.jpg
INFO:root:dog.10028.jpg
INFO:root:dog.10029.jpg
INFO:root:dog.1003.jpg
INFO:root:dog.10030.jpg
INFO:root:dog.10031.jpg
INFO:root:dog.10032.jpg
INFO:root:dog.10033.jpg
INFO:root:dog.10034.jpg
INFO:root:dog.10035.jpg
INFO:root:dog.10036.jpg
INFO:root:dog.10037.jpg
INFO:root:dog.10038.jpg
INFO:root:dog.10039.jpg
INFO:root:dog.1004.jpg
INFO:root:dog.10040.jpg
INFO:root:dog.10041.jpg
INFO:root:dog.10042.jpg
INFO:root:dog.10043.jpg
INFO:root:dog.10044.jpg
INFO:root:dog.10045.jpg
INFO:root:dog.10046.jpg
INFO:root:dog.10047.jpg
INFO:root:dog.10048.jpg
INFO:root:dog.10049.jpg
INFO:root:dog.1005.jpg
INFO:root:dog.10050.jpg
INFO:root:dog.10051.jpg
INFO:root:Dzielenie na zbiory train/test
INFO:root:Definiowanie modelu
WARNING:tensorflow:From C:\Users\wrkmm\AppData\Local\Programs\Python\Python311\Lib\site-packages\keras\src\backend.py:873: The name tf.get_default_graph is deprecated. Please use tf.compat.v1.get_default_graph instead.

WARNING:tensorflow:From C:\Users\wrkmm\AppData\Local\Programs\Python\Python311\Lib\site-packages\keras\src\layers\pooling\max_pooling2d.py:161: The name tf.nn.max_pool is deprecated. Please use tf.nn.max_pool2d instead.

WARNING:tensorflow:From C:\Users\wrkmm\AppData\Local\Programs\Python\Python311\Lib\site-packages\keras\src\optimizers\__init__.py:309: The name tf.train.Optimizer is deprecated. Please use tf.compat.v1.train.Optimizer instead.

INFO:root:Rozpoczynam trenowanie modelu.
WARNING:tensorflow:From C:\Users\wrkmm\AppData\Local\Programs\Python\Python311\Lib\site-packages\keras\src\utils\tf_utils.py:492: The name tf.ragged.RaggedTensorValue is deprecated. Please use tf.compat.v1.ragged.RaggedTensorValue instead.

WARNING:tensorflow:From C:\Users\wrkmm\AppData\Local\Programs\Python\Python311\Lib\site-packages\keras\src\engine\base_layer_utils.py:384: The name tf.executing_eagerly_outside_functions is deprecated. Please use tf.compat.v1.executing_eagerly_outside_functions instead.

INFO:root:Zakoñczono trenowanie modelu.
INFO:root:Dok³adnoœæ na zbiorze testowym: 0.6399999856948853
INFO:root:Koniec.
