2023-10-28 12:24:02,273 - pyswarms.single.global_best - INFO - Optimize for 200 iters with {'c1': 0.5, 'c2': 0.3, 'w': 0.9}
2023-10-28 12:24:02,356 - pyswarms.single.global_best - INFO - Optimization finished | best cost: 4.037715293681556e-12, best pos: [ 1.26927244e-06 -1.55777494e-06]
2023-10-28 12:24:23,337 - pyswarms.single.global_best - INFO - Optimize for 200 iters with {'c1': 0.5, 'c2': 0.3, 'w': 0.9}
2023-10-28 12:24:23,405 - pyswarms.single.global_best - INFO - Optimization finished | best cost: 1.5406401752820043e-12, best pos: [ 1.20606416e-06 -2.93341822e-07]
2023-10-28 12:25:01,009 - pyswarms.single.global_best - INFO - Optimize for 200 iters with {'c1': 0.5, 'c2': 0.3, 'w': 0.9}
2023-10-28 12:25:01,071 - pyswarms.single.global_best - INFO - Optimization finished | best cost: 4.8316462141179905e-12, best pos: [ 2.05243602e-06 -7.86862507e-07]
2023-10-28 12:26:35,497 - pyswarms.single.global_best - INFO - Optimize for 200 iters with {'c1': 0.5, 'c2': 0.3, 'w': 0.9}
2023-10-28 12:26:35,564 - pyswarms.single.global_best - INFO - Optimization finished | best cost: 1.8490182572574448e-10, best pos: [-3.12249442e-06  1.32344949e-05]
2023-10-28 12:26:37,215 - pyswarms.single.global_best - INFO - Optimize for 50 iters with {'c1': 0.5, 'c2': 0.3, 'w': 0.5}
2023-10-28 12:26:37,236 - pyswarms.single.global_best - INFO - Optimization finished | best cost: 0.02482588642375644, best pos: [0.06909717 0.14160321]
2023-10-28 12:26:40,188 - matplotlib.animation - WARNING - MovieWriter imagemagick unavailable; using Pillow instead.
2023-10-28 12:26:40,188 - matplotlib.animation - INFO - Animation.save using <class 'matplotlib.animation.PillowWriter'>
2023-10-28 12:27:56,963 - pyswarms.single.global_best - INFO - Optimize for 200 iters with {'c1': 0.5, 'c2': 0.3, 'w': 0.9}
2023-10-28 12:27:57,025 - pyswarms.single.global_best - INFO - Optimization finished | best cost: 1.2655065005417386e-11, best pos: [-1.38985693e-06 -3.27465460e-06]
2023-10-28 12:27:58,657 - pyswarms.single.global_best - INFO - Optimize for 50 iters with {'c1': 0.5, 'c2': 0.3, 'w': 0.5}
2023-10-28 12:27:58,691 - pyswarms.single.global_best - INFO - Optimization finished | best cost: 0.0015055377966305115, best pos: [0.03586014 0.01481852]
2023-10-28 12:28:01,647 - matplotlib.animation - WARNING - MovieWriter imagemagick unavailable; using Pillow instead.
2023-10-28 12:28:01,649 - matplotlib.animation - INFO - Animation.save using <class 'matplotlib.animation.PillowWriter'>
2023-10-28 12:30:13,495 - pyswarms.single.global_best - INFO - Optimize for 200 iters with {'c1': 0.5, 'c2': 0.3, 'w': 0.9}
2023-10-28 12:30:13,577 - pyswarms.single.global_best - INFO - Optimization finished | best cost: 3.1799247681634707e-14, best pos: [-6.95971626e-08 -1.64181249e-07]
2023-10-28 12:30:15,274 - pyswarms.single.global_best - INFO - Optimize for 50 iters with {'c1': 0.5, 'c2': 0.3, 'w': 0.5}
2023-10-28 12:30:15,300 - pyswarms.single.global_best - INFO - Optimization finished | best cost: 4.615324362930218e-13, best pos: [-1.52617218e-07  6.61997297e-07]
2023-10-28 12:30:37,485 - pyswarms.single.global_best - INFO - Optimize for 200 iters with {'c1': 0.5, 'c2': 0.3, 'w': 0.9}
2023-10-28 12:30:37,545 - pyswarms.single.global_best - INFO - Optimization finished | best cost: 8.401061681820338e-14, best pos: [ 2.55598891e-07 -1.36674152e-07]
2023-10-28 12:30:39,084 - pyswarms.single.global_best - INFO - Optimize for 50 iters with {'c1': 0.5, 'c2': 0.3, 'w': 0.5}
2023-10-28 12:30:39,104 - pyswarms.single.global_best - INFO - Optimization finished | best cost: 4.2014585648761225e-15, best pos: [-5.58296387e-08  3.29318996e-08]
2023-10-28 12:30:42,031 - matplotlib.animation - WARNING - MovieWriter imagemagick unavailable; using Pillow instead.
2023-10-28 12:30:42,033 - matplotlib.animation - INFO - Animation.save using <class 'matplotlib.animation.PillowWriter'>
2023-10-28 12:32:04,626 - pyswarms.single.global_best - INFO - Optimize for 200 iters with {'c1': 0.5, 'c2': 0.3, 'w': 0.9}
2023-10-28 12:32:04,694 - pyswarms.single.global_best - INFO - Optimization finished | best cost: 1.6659948898578987e-10, best pos: [1.22953469e-05 3.92733164e-06]
2023-10-28 12:32:06,080 - pyswarms.single.global_best - INFO - Optimize for 50 iters with {'c1': 0.5, 'c2': 0.3, 'w': 0.5}
2023-10-28 12:32:06,098 - pyswarms.single.global_best - INFO - Optimization finished | best cost: 0.00010668052437168267, best pos: [-0.00664672  0.00790579]
2023-10-28 12:32:09,118 - matplotlib.animation - WARNING - MovieWriter imagemagick unavailable; using Pillow instead.
2023-10-28 12:32:09,123 - matplotlib.animation - INFO - Animation.save using <class 'matplotlib.animation.PillowWriter'>
2023-10-28 12:32:40,000 - pyswarms.single.global_best - INFO - Optimize for 200 iters with {'c1': 0.5, 'c2': 0.3, 'w': 0.9}
2023-10-28 12:32:40,057 - pyswarms.single.global_best - INFO - Optimization finished | best cost: 3.3603548754272195e-13, best pos: [4.94244200e-07 3.02916091e-07]
2023-10-28 12:32:41,775 - pyswarms.single.global_best - INFO - Optimize for 50 iters with {'c1': 0.5, 'c2': 0.3, 'w': 0.5}
2023-10-28 12:32:41,809 - pyswarms.single.global_best - INFO - Optimization finished | best cost: 0.0002553449024564789, best pos: [0.01575982 0.00264067]
2023-10-28 12:32:44,720 - matplotlib.animation - WARNING - MovieWriter imagemagick unavailable; using Pillow instead.
2023-10-28 12:32:44,722 - matplotlib.animation - INFO - Animation.save using <class 'matplotlib.animation.PillowWriter'>
2023-10-28 12:32:59,716 - pyswarms.single.global_best - INFO - Optimize for 200 iters with {'c1': 0.5, 'c2': 0.3, 'w': 0.9}
2023-10-28 12:32:59,788 - pyswarms.single.global_best - INFO - Optimization finished | best cost: 2.5038669881715825e-13, best pos: [ 5.55037695e-08 -4.97298734e-07]
2023-10-28 12:33:01,275 - pyswarms.single.global_best - INFO - Optimize for 50 iters with {'c1': 0.5, 'c2': 0.3, 'w': 0.5}
2023-10-28 12:33:01,301 - pyswarms.single.global_best - INFO - Optimization finished | best cost: 1.6816180246997967e-14, best pos: [1.18535030e-07 5.25892273e-08]
2023-10-28 12:33:04,411 - matplotlib.animation - WARNING - MovieWriter imagemagick unavailable; using Pillow instead.
2023-10-28 12:33:04,411 - matplotlib.animation - INFO - Animation.save using <class 'matplotlib.animation.PillowWriter'>
2023-10-28 12:33:19,537 - pyswarms.single.global_best - INFO - Optimize for 200 iters with {'c1': 0.5, 'c2': 0.3, 'w': 0.9}
2023-10-28 12:33:19,605 - pyswarms.single.global_best - INFO - Optimization finished | best cost: 8.119106353148712e-11, best pos: [6.72662910e-06 5.99529186e-06]
2023-10-28 12:33:21,112 - pyswarms.single.global_best - INFO - Optimize for 50 iters with {'c1': 0.5, 'c2': 0.3, 'w': 0.5}
2023-10-28 12:33:21,137 - pyswarms.single.global_best - INFO - Optimization finished | best cost: 0.0047709036837282025, best pos: [0.06906837 0.00068099]
2023-10-28 12:33:24,329 - matplotlib.animation - WARNING - MovieWriter imagemagick unavailable; using Pillow instead.
2023-10-28 12:33:24,332 - matplotlib.animation - INFO - Animation.save using <class 'matplotlib.animation.PillowWriter'>
2023-11-04 12:13:36,615 - pyswarms.single.global_best - INFO - Optimize for 1000 iters with {'c1': 0.5, 'c2': 0.3, 'w': 0.5}
2023-11-04 12:13:37,103 - pyswarms.single.global_best - INFO - Optimization finished | best cost: -2.801097184956985, best pos: [0.98109176 0.83838036 0.99835329 0.99841227 0.39090688 0.71231818]
2023-11-04 12:13:44,001 - pyswarms.single.global_best - INFO - Optimize for 50 iters with {'c1': 0.5, 'c2': 0.3, 'w': 0.5}
2023-11-04 12:13:44,042 - pyswarms.single.global_best - INFO - Optimization finished | best cost: 0.002029984496237943, best pos: [0.00472399 0.04480701]
2023-11-04 12:13:47,126 - matplotlib.animation - WARNING - MovieWriter imagemagick unavailable; using Pillow instead.
2023-11-04 12:13:47,126 - matplotlib.animation - INFO - Animation.save using <class 'matplotlib.animation.PillowWriter'>
